<?xml version="1.0" encoding="UTF-8"?>
<!-- Generated by org.testng.reporters.JUnitReportReporter -->
<testsuite skipped="0" hostname="johncarter-PC" name="com.crm.qa.testcases.LoginPageTest" tests="1" failures="0" timestamp="27 Jun 2020 08:11:39 GMT" time="24.936" errors="0">
  <testcase name="loginTest" time="24.936" classname="com.crm.qa.testcases.LoginPageTest"/>
</testsuite> <!-- com.crm.qa.testcases.LoginPageTest -->
