<?xml version="1.0" encoding="UTF-8"?>
<!-- Generated by org.testng.reporters.JUnitReportReporter -->
<testsuite skipped="0" hostname="johncarter-PC" name="com.crm.qa.testcases.HomePageTest" tests="3" failures="0" timestamp="27 Jun 2020 08:11:39 GMT" time="68.685" errors="0">
  <testcase name="verifyHomePageTitleTest" time="17.792" classname="com.crm.qa.testcases.HomePageTest"/>
  <testcase name="verifyUserNameTest" time="29.877" classname="com.crm.qa.testcases.HomePageTest"/>
  <testcase name="verifyContactsLinkTest" time="21.016" classname="com.crm.qa.testcases.HomePageTest"/>
</testsuite> <!-- com.crm.qa.testcases.HomePageTest -->
